# JRE version: OpenJDK Runtime Environment Temurin-17.0.6+10 (17.0.6+10) (build 17.0.6+10)
# Java VM: OpenJDK 64-Bit Server VM Temurin-17.0.6+10 (17.0.6+10, mixed mode, tiered, compressed oops, compressed class ptrs, g1 gc, windows-amd64)
GC Precious Log:
 CPUs: 4 total, 4 available
 Memory: 4012M
 Large Page Support: Disabled
 NUMA Support: Disabled
 Compressed Oops: Enabled (32-bit)
 Heap Region Size: 1M
 Heap Min Capacity: 8M
 Heap Initial Capacity: 64M
 Heap Max Capacity: 1004M
 Pre-touch: Disabled
 Parallel Workers: 4
 Concurrent Workers: 1
 Concurrent Refinement Workers: 4
 Periodic GC: Disabled
Heap:
 garbage-first heap   total 55296K, used 39453K [0x00000000c1400000, 0x0000000100000000)
  region size 1024K, 29 young (29696K), 3 survivors (3072K)
 Metaspace       used 24389K, committed 24640K, reserved 1073152K
  class space    used 2467K, committed 2560K, reserved 1048576K
GC Heap History (20 events):
Event: 9.076 GC heap before
{Heap before GC invocations=0 (full 0):
 garbage-first heap   total 65536K, used 13312K [0x00000000c1400000, 0x0000000100000000)
  region size 1024K, 13 young (13312K), 0 survivors (0K)
 Metaspace       used 13050K, committed 13184K, reserved 1064960K
  class space    used 1187K, committed 1216K, reserved 1048576K
}
Event: 9.107 GC heap after
{Heap after GC invocations=1 (full 0):
 garbage-first heap   total 65536K, used 3536K [0x00000000c1400000, 0x0000000100000000)
  region size 1024K, 2 young (2048K), 2 survivors (2048K)
 Metaspace       used 13050K, committed 13184K, reserved 1064960K
  class space    used 1187K, committed 1216K, reserved 1048576K
}
Event: 10.422 GC heap before
{Heap before GC invocations=1 (full 0):
 garbage-first heap   total 65536K, used 14800K [0x00000000c1400000, 0x0000000100000000)
  region size 1024K, 13 young (13312K), 2 survivors (2048K)
 Metaspace       used 15026K, committed 15168K, reserved 1064960K
  class space    used 1464K, committed 1536K, reserved 1048576K
}
Event: 10.431 GC heap after
{Heap after GC invocations=2 (full 0):
 garbage-first heap   total 65536K, used 4280K [0x00000000c1400000, 0x0000000100000000)
  region size 1024K, 1 young (1024K), 1 survivors (1024K)
 Metaspace       used 15026K, committed 15168K, reserved 1064960K
  class space    used 1464K, committed 1536K, reserved 1048576K
}
Event: 22.799 GC heap before
{Heap before GC invocations=2 (full 0):
 garbage-first heap   total 65536K, used 28856K [0x00000000c1400000, 0x0000000100000000)
  region size 1024K, 26 young (26624K), 1 survivors (1024K)
 Metaspace       used 19004K, committed 19136K, reserved 1073152K
  class space    used 1969K, committed 2048K, reserved 1048576K
}
Event: 22.809 GC heap after
{Heap after GC invocations=3 (full 0):
 garbage-first heap   total 65536K, used 5597K [0x00000000c1400000, 0x0000000100000000)
  region size 1024K, 2 young (2048K), 2 survivors (2048K)
 Metaspace       used 19004K, committed 19136K, reserved 1073152K
  class space    used 1969K, committed 2048K, reserved 1048576K
}
Event: 25.195 GC heap before
{Heap before GC invocations=3 (full 0):
 garbage-first heap   total 65536K, used 14813K [0x00000000c1400000, 0x0000000100000000)
  region size 1024K, 12 young (12288K), 2 survivors (2048K)
 Metaspace       used 21326K, committed 21504K, reserved 1073152K
  class space    used 2247K, committed 2368K, reserved 1048576K
}
Event: 25.205 GC heap after
{Heap after GC invocations=4 (full 0):
 garbage-first heap   total 65536K, used 6475K [0x00000000c1400000, 0x0000000100000000)
  region size 1024K, 3 young (3072K), 3 survivors (3072K)
 Metaspace       used 21326K, committed 21504K, reserved 1073152K
  class space    used 2247K, committed 2368K, reserved 1048576K
}
Event: 26.296 GC heap before
{Heap before GC invocations=5 (full 0):
 garbage-first heap   total 27648K, used 19787K [0x00000000c1400000, 0x0000000100000000)
  region size 1024K, 16 young (16384K), 3 survivors (3072K)
 Metaspace       used 22268K, committed 22464K, reserved 1073152K
  class space    used 2322K, committed 2432K, reserved 1048576K
}
Event: 26.314 GC heap after
{Heap after GC invocations=6 (full 0):
 garbage-first heap   total 27648K, used 8060K [0x00000000c1400000, 0x0000000100000000)
  region size 1024K, 2 young (2048K), 2 survivors (2048K)
 Metaspace       used 22268K, committed 22464K, reserved 1073152K
  class space    used 2322K, committed 2432K, reserved 1048576K
}
Event: 26.338 GC heap before
{Heap before GC invocations=6 (full 0):
 garbage-first heap   total 27648K, used 9084K [0x00000000c1400000, 0x0000000100000000)
  region size 1024K, 3 young (3072K), 2 survivors (2048K)
 Metaspace       used 22280K, committed 22528K, reserved 1073152K
  class space    used 2322K, committed 2432K, reserved 1048576K
}
Event: 26.350 GC heap after
{Heap after GC invocations=7 (full 0):
 garbage-first heap   total 27648K, used 8615K [0x00000000c1400000, 0x0000000100000000)
  region size 1024K, 1 young (1024K), 1 survivors (1024K)
 Metaspace       used 22280K, committed 22528K, reserved 1073152K
  class space    used 2322K, committed 2432K, reserved 1048576K
}
Event: 26.878 GC heap before
{Heap before GC invocations=7 (full 0):
 garbage-first heap   total 27648K, used 17831K [0x00000000c1400000, 0x0000000100000000)
  region size 1024K, 11 young (11264K), 1 survivors (1024K)
 Metaspace       used 22656K, committed 22848K, reserved 1073152K
  class space    used 2350K, committed 2432K, reserved 1048576K
}
Event: 26.886 GC heap after
{Heap after GC invocations=8 (full 0):
 garbage-first heap   total 27648K, used 10014K [0x00000000c1400000, 0x0000000100000000)
  region size 1024K, 2 young (2048K), 2 survivors (2048K)
 Metaspace       used 22656K, committed 22848K, reserved 1073152K
  class space    used 2350K, committed 2432K, reserved 1048576K
}
Event: 27.247 GC heap before
{Heap before GC invocations=8 (full 0):
 garbage-first heap   total 27648K, used 19230K [0x00000000c1400000, 0x0000000100000000)
  region size 1024K, 11 young (11264K), 2 survivors (2048K)
 Metaspace       used 22813K, committed 23040K, reserved 1073152K
  class space    used 2364K, committed 2496K, reserved 1048576K
}
Event: 27.256 GC heap after
{Heap after GC invocations=9 (full 0):
 garbage-first heap   total 27648K, used 11097K [0x00000000c1400000, 0x0000000100000000)
  region size 1024K, 2 young (2048K), 2 survivors (2048K)
 Metaspace       used 22813K, committed 23040K, reserved 1073152K
  class space    used 2364K, committed 2496K, reserved 1048576K
}
Event: 27.562 GC heap before
{Heap before GC invocations=9 (full 0):
 garbage-first heap   total 27648K, used 18265K [0x00000000c1400000, 0x0000000100000000)
  region size 1024K, 10 young (10240K), 2 survivors (2048K)
 Metaspace       used 22877K, committed 23104K, reserved 1073152K
  class space    used 2364K, committed 2496K, reserved 1048576K
}
Event: 27.568 GC heap after
{Heap after GC invocations=10 (full 0):
 garbage-first heap   total 55296K, used 11801K [0x00000000c1400000, 0x0000000100000000)
  region size 1024K, 1 young (1024K), 1 survivors (1024K)
 Metaspace       used 22877K, committed 23104K, reserved 1073152K
  class space    used 2364K, committed 2496K, reserved 1048576K
}
Event: 29.167 GC heap before
{Heap before GC invocations=10 (full 0):
 garbage-first heap   total 55296K, used 40473K [0x00000000c1400000, 0x0000000100000000)
  region size 1024K, 29 young (29696K), 1 survivors (1024K)
 Metaspace       used 23211K, committed 23424K, reserved 1073152K
  class space    used 2367K, committed 2496K, reserved 1048576K
}
Event: 29.177 GC heap after
{Heap after GC invocations=11 (full 0):
 garbage-first heap   total 55296K, used 13853K [0x00000000c1400000, 0x0000000100000000)
  region size 1024K, 3 young (3072K), 3 survivors (3072K)
 Metaspace       used 23211K, committed 23424K, reserved 1073152K
  class space    used 2367K, committed 2496K, reserved 1048576K
}

