# JRE version: OpenJDK Runtime Environment Temurin-17.0.6+10 (17.0.6+10) (build 17.0.6+10)
# Java VM: OpenJDK 64-Bit Server VM Temurin-17.0.6+10 (17.0.6+10, mixed mode, emulated-client, tiered, compressed oops, compressed class ptrs, g1 gc, windows-amd64)
GC Precious Log:
 CPUs: 4 total, 4 available
 Memory: 4012M
 Large Page Support: Disabled
 NUMA Support: Disabled
 Compressed Oops: Enabled (32-bit)
 Heap Region Size: 1M
 Heap Min Capacity: 8M
 Heap Initial Capacity: 64M
 Heap Max Capacity: 1004M
 Pre-touch: Disabled
 Parallel Workers: 4
 Concurrent Workers: 1
 Concurrent Refinement Workers: 4
 Periodic GC: Disabled
Heap:
 garbage-first heap   total 71680K, used 40358K [0x00000000c1400000, 0x0000000100000000)
  region size 1024K, 9 young (9216K), 2 survivors (2048K)
 Metaspace       used 77113K, committed 77696K, reserved 1122304K
  class space    used 10676K, committed 10944K, reserved 1048576K
GC Heap History (20 events):
Event: 6.399 GC heap before
{Heap before GC invocations=9 (full 0):
 garbage-first heap   total 48128K, used 33639K [0x00000000c1400000, 0x0000000100000000)
  region size 1024K, 19 young (19456K), 3 survivors (3072K)
 Metaspace       used 33075K, committed 33408K, reserved 1081344K
  class space    used 4183K, committed 4352K, reserved 1048576K
}
Event: 6.413 GC heap after
{Heap after GC invocations=10 (full 0):
 garbage-first heap   total 83968K, used 18784K [0x00000000c1400000, 0x0000000100000000)
  region size 1024K, 3 young (3072K), 3 survivors (3072K)
 Metaspace       used 33075K, committed 33408K, reserved 1081344K
  class space    used 4183K, committed 4352K, reserved 1048576K
}
Event: 7.220 GC heap before
{Heap before GC invocations=10 (full 0):
 garbage-first heap   total 83968K, used 33120K [0x00000000c1400000, 0x0000000100000000)
  region size 1024K, 18 young (18432K), 3 survivors (3072K)
 Metaspace       used 35738K, committed 36096K, reserved 1081344K
  class space    used 4588K, committed 4800K, reserved 1048576K
}
Event: 7.236 GC heap after
{Heap after GC invocations=11 (full 0):
 garbage-first heap   total 83968K, used 20011K [0x00000000c1400000, 0x0000000100000000)
  region size 1024K, 4 young (4096K), 4 survivors (4096K)
 Metaspace       used 35738K, committed 36096K, reserved 1081344K
  class space    used 4588K, committed 4800K, reserved 1048576K
}
Event: 8.822 GC heap before
{Heap before GC invocations=12 (full 0):
 garbage-first heap   total 71680K, used 58923K [0x00000000c1400000, 0x0000000100000000)
  region size 1024K, 42 young (43008K), 4 survivors (4096K)
 Metaspace       used 43448K, committed 43904K, reserved 1089536K
  class space    used 5543K, committed 5760K, reserved 1048576K
}
Event: 8.847 GC heap after
{Heap after GC invocations=13 (full 0):
 garbage-first heap   total 71680K, used 23375K [0x00000000c1400000, 0x0000000100000000)
  region size 1024K, 6 young (6144K), 6 survivors (6144K)
 Metaspace       used 43448K, committed 43904K, reserved 1089536K
  class space    used 5543K, committed 5760K, reserved 1048576K
}
Event: 10.840 GC heap before
{Heap before GC invocations=13 (full 0):
 garbage-first heap   total 71680K, used 53071K [0x00000000c1400000, 0x0000000100000000)
  region size 1024K, 35 young (35840K), 6 survivors (6144K)
 Metaspace       used 50202K, committed 50688K, reserved 1097728K
  class space    used 6592K, committed 6784K, reserved 1048576K
}
Event: 10.852 GC heap after
{Heap after GC invocations=14 (full 0):
 garbage-first heap   total 71680K, used 25115K [0x00000000c1400000, 0x0000000100000000)
  region size 1024K, 2 young (2048K), 2 survivors (2048K)
 Metaspace       used 50202K, committed 50688K, reserved 1097728K
  class space    used 6592K, committed 6784K, reserved 1048576K
}
Event: 14.362 GC heap before
{Heap before GC invocations=14 (full 0):
 garbage-first heap   total 71680K, used 54811K [0x00000000c1400000, 0x0000000100000000)
  region size 1024K, 31 young (31744K), 2 survivors (2048K)
 Metaspace       used 57099K, committed 57600K, reserved 1105920K
  class space    used 7481K, committed 7744K, reserved 1048576K
}
Event: 14.369 GC heap after
{Heap after GC invocations=15 (full 0):
 garbage-first heap   total 71680K, used 26569K [0x00000000c1400000, 0x0000000100000000)
  region size 1024K, 4 young (4096K), 4 survivors (4096K)
 Metaspace       used 57099K, committed 57600K, reserved 1105920K
  class space    used 7481K, committed 7744K, reserved 1048576K
}
Event: 15.474 GC heap before
{Heap before GC invocations=15 (full 0):
 garbage-first heap   total 71680K, used 34761K [0x00000000c1400000, 0x0000000100000000)
  region size 1024K, 13 young (13312K), 4 survivors (4096K)
 Metaspace       used 59907K, committed 60416K, reserved 1105920K
  class space    used 8028K, committed 8320K, reserved 1048576K
}
Event: 15.484 GC heap after
{Heap after GC invocations=16 (full 0):
 garbage-first heap   total 71680K, used 26732K [0x00000000c1400000, 0x0000000100000000)
  region size 1024K, 2 young (2048K), 2 survivors (2048K)
 Metaspace       used 59907K, committed 60416K, reserved 1105920K
  class space    used 8028K, committed 8320K, reserved 1048576K
}
Event: 22.332 GC heap before
{Heap before GC invocations=17 (full 0):
 garbage-first heap   total 71680K, used 57452K [0x00000000c1400000, 0x0000000100000000)
  region size 1024K, 32 young (32768K), 2 survivors (2048K)
 Metaspace       used 65124K, committed 65664K, reserved 1105920K
  class space    used 8936K, committed 9216K, reserved 1048576K
}
Event: 22.352 GC heap after
{Heap after GC invocations=18 (full 0):
 garbage-first heap   total 71680K, used 28325K [0x00000000c1400000, 0x0000000100000000)
  region size 1024K, 4 young (4096K), 4 survivors (4096K)
 Metaspace       used 65124K, committed 65664K, reserved 1105920K
  class space    used 8936K, committed 9216K, reserved 1048576K
}
Event: 30.108 GC heap before
{Heap before GC invocations=18 (full 0):
 garbage-first heap   total 71680K, used 56997K [0x00000000c1400000, 0x0000000100000000)
  region size 1024K, 32 young (32768K), 4 survivors (4096K)
 Metaspace       used 69237K, committed 69824K, reserved 1114112K
  class space    used 9518K, committed 9792K, reserved 1048576K
}
Event: 30.121 GC heap after
{Heap after GC invocations=19 (full 0):
 garbage-first heap   total 71680K, used 30526K [0x00000000c1400000, 0x0000000100000000)
  region size 1024K, 4 young (4096K), 4 survivors (4096K)
 Metaspace       used 69237K, committed 69824K, reserved 1114112K
  class space    used 9518K, committed 9792K, reserved 1048576K
}
Event: 34.648 GC heap before
{Heap before GC invocations=19 (full 0):
 garbage-first heap   total 71680K, used 57150K [0x00000000c1400000, 0x0000000100000000)
  region size 1024K, 30 young (30720K), 4 survivors (4096K)
 Metaspace       used 72250K, committed 72832K, reserved 1114112K
  class space    used 9961K, committed 10240K, reserved 1048576K
}
Event: 34.661 GC heap after
{Heap after GC invocations=20 (full 0):
 garbage-first heap   total 71680K, used 33242K [0x00000000c1400000, 0x0000000100000000)
  region size 1024K, 3 young (3072K), 3 survivors (3072K)
 Metaspace       used 72250K, committed 72832K, reserved 1114112K
  class space    used 9961K, committed 10240K, reserved 1048576K
}
Event: 36.798 GC heap before
{Heap before GC invocations=20 (full 0):
 garbage-first heap   total 71680K, used 55770K [0x00000000c1400000, 0x0000000100000000)
  region size 1024K, 26 young (26624K), 3 survivors (3072K)
 Metaspace       used 75848K, committed 76480K, reserved 1122304K
  class space    used 10480K, committed 10752K, reserved 1048576K
}
Event: 36.810 GC heap after
{Heap after GC invocations=21 (full 0):
 garbage-first heap   total 71680K, used 35238K [0x00000000c1400000, 0x0000000100000000)
  region size 1024K, 2 young (2048K), 2 survivors (2048K)
 Metaspace       used 75848K, committed 76480K, reserved 1122304K
  class space    used 10480K, committed 10752K, reserved 1048576K
}

