# JRE version: OpenJDK Runtime Environment Temurin-17.0.6+10 (17.0.6+10) (build 17.0.6+10)
# Java VM: OpenJDK 64-Bit Server VM Temurin-17.0.6+10 (17.0.6+10, mixed mode, emulated-client, tiered, compressed oops, compressed class ptrs, g1 gc, windows-amd64)
GC Precious Log:
 CPUs: 4 total, 4 available
 Memory: 4012M
 Large Page Support: Disabled
 NUMA Support: Disabled
 Compressed Oops: Enabled (32-bit)
 Heap Region Size: 1M
 Heap Min Capacity: 8M
 Heap Initial Capacity: 64M
 Heap Max Capacity: 1004M
 Pre-touch: Disabled
 Parallel Workers: 4
 Concurrent Workers: 1
 Concurrent Refinement Workers: 4
 Periodic GC: Disabled
Heap:
 garbage-first heap   total 53248K, used 33988K [0x00000000c1400000, 0x0000000100000000)
  region size 1024K, 8 young (8192K), 2 survivors (2048K)
 Metaspace       used 73250K, committed 73856K, reserved 1114112K
  class space    used 10063K, committed 10368K, reserved 1048576K
GC Heap History (20 events):
Event: 40.567 GC heap before
{Heap before GC invocations=15 (full 0):
 garbage-first heap   total 53248K, used 39189K [0x00000000c1400000, 0x0000000100000000)
  region size 1024K, 23 young (23552K), 3 survivors (3072K)
 Metaspace       used 44701K, committed 45184K, reserved 1089536K
  class space    used 5697K, committed 5952K, reserved 1048576K
}
Event: 40.574 GC heap after
{Heap after GC invocations=16 (full 0):
 garbage-first heap   total 53248K, used 20051K [0x00000000c1400000, 0x0000000100000000)
  region size 1024K, 2 young (2048K), 2 survivors (2048K)
 Metaspace       used 44701K, committed 45184K, reserved 1089536K
  class space    used 5697K, committed 5952K, reserved 1048576K
}
Event: 46.344 GC heap before
{Heap before GC invocations=16 (full 0):
 garbage-first heap   total 53248K, used 39507K [0x00000000c1400000, 0x0000000100000000)
  region size 1024K, 21 young (21504K), 2 survivors (2048K)
 Metaspace       used 49464K, committed 49920K, reserved 1097728K
  class space    used 6457K, committed 6656K, reserved 1048576K
}
Event: 46.349 GC heap after
{Heap after GC invocations=17 (full 0):
 garbage-first heap   total 53248K, used 21039K [0x00000000c1400000, 0x0000000100000000)
  region size 1024K, 3 young (3072K), 3 survivors (3072K)
 Metaspace       used 49464K, committed 49920K, reserved 1097728K
  class space    used 6457K, committed 6656K, reserved 1048576K
}
Event: 47.220 GC heap before
{Heap before GC invocations=17 (full 0):
 garbage-first heap   total 53248K, used 40495K [0x00000000c1400000, 0x0000000100000000)
  region size 1024K, 22 young (22528K), 3 survivors (3072K)
 Metaspace       used 54268K, committed 54720K, reserved 1097728K
  class space    used 7086K, committed 7296K, reserved 1048576K
}
Event: 47.226 GC heap after
{Heap after GC invocations=18 (full 0):
 garbage-first heap   total 53248K, used 22204K [0x00000000c1400000, 0x0000000100000000)
  region size 1024K, 2 young (2048K), 2 survivors (2048K)
 Metaspace       used 54268K, committed 54720K, reserved 1097728K
  class space    used 7086K, committed 7296K, reserved 1048576K
}
Event: 47.967 GC heap before
{Heap before GC invocations=18 (full 0):
 garbage-first heap   total 53248K, used 41660K [0x00000000c1400000, 0x0000000100000000)
  region size 1024K, 21 young (21504K), 2 survivors (2048K)
 Metaspace       used 59593K, committed 60096K, reserved 1105920K
  class space    used 7957K, committed 8192K, reserved 1048576K
}
Event: 47.974 GC heap after
{Heap after GC invocations=19 (full 0):
 garbage-first heap   total 53248K, used 23328K [0x00000000c1400000, 0x0000000100000000)
  region size 1024K, 3 young (3072K), 3 survivors (3072K)
 Metaspace       used 59593K, committed 60096K, reserved 1105920K
  class space    used 7957K, committed 8192K, reserved 1048576K
}
Event: 48.051 GC heap before
{Heap before GC invocations=19 (full 0):
 garbage-first heap   total 53248K, used 24352K [0x00000000c1400000, 0x0000000100000000)
  region size 1024K, 5 young (5120K), 3 survivors (3072K)
 Metaspace       used 59952K, committed 60416K, reserved 1105920K
  class space    used 8036K, committed 8256K, reserved 1048576K
}
Event: 48.056 GC heap after
{Heap after GC invocations=20 (full 0):
 garbage-first heap   total 53248K, used 23317K [0x00000000c1400000, 0x0000000100000000)
  region size 1024K, 1 young (1024K), 1 survivors (1024K)
 Metaspace       used 59952K, committed 60416K, reserved 1105920K
  class space    used 8036K, committed 8256K, reserved 1048576K
}
Event: 48.775 GC heap before
{Heap before GC invocations=21 (full 0):
 garbage-first heap   total 53248K, used 42773K [0x00000000c1400000, 0x0000000100000000)
  region size 1024K, 20 young (20480K), 1 survivors (1024K)
 Metaspace       used 63258K, committed 63808K, reserved 1105920K
  class space    used 8644K, committed 8896K, reserved 1048576K
}
Event: 48.780 GC heap after
{Heap after GC invocations=22 (full 0):
 garbage-first heap   total 53248K, used 23885K [0x00000000c1400000, 0x0000000100000000)
  region size 1024K, 2 young (2048K), 2 survivors (2048K)
 Metaspace       used 63258K, committed 63808K, reserved 1105920K
  class space    used 8644K, committed 8896K, reserved 1048576K
}
Event: 49.455 GC heap before
{Heap before GC invocations=23 (full 0):
 garbage-first heap   total 53248K, used 42317K [0x00000000c1400000, 0x0000000100000000)
  region size 1024K, 20 young (20480K), 2 survivors (2048K)
 Metaspace       used 66579K, committed 67200K, reserved 1114112K
  class space    used 9099K, committed 9408K, reserved 1048576K
}
Event: 49.463 GC heap after
{Heap after GC invocations=24 (full 0):
 garbage-first heap   total 53248K, used 25691K [0x00000000c1400000, 0x0000000100000000)
  region size 1024K, 3 young (3072K), 3 survivors (3072K)
 Metaspace       used 66579K, committed 67200K, reserved 1114112K
  class space    used 9099K, committed 9408K, reserved 1048576K
}
Event: 49.929 GC heap before
{Heap before GC invocations=24 (full 0):
 garbage-first heap   total 53248K, used 42075K [0x00000000c1400000, 0x0000000100000000)
  region size 1024K, 19 young (19456K), 3 survivors (3072K)
 Metaspace       used 68506K, committed 69056K, reserved 1114112K
  class space    used 9391K, committed 9664K, reserved 1048576K
}
Event: 49.938 GC heap after
{Heap after GC invocations=25 (full 0):
 garbage-first heap   total 53248K, used 27235K [0x00000000c1400000, 0x0000000100000000)
  region size 1024K, 2 young (2048K), 2 survivors (2048K)
 Metaspace       used 68506K, committed 69056K, reserved 1114112K
  class space    used 9391K, committed 9664K, reserved 1048576K
}
Event: 50.334 GC heap before
{Heap before GC invocations=25 (full 0):
 garbage-first heap   total 53248K, used 41571K [0x00000000c1400000, 0x0000000100000000)
  region size 1024K, 16 young (16384K), 2 survivors (2048K)
 Metaspace       used 70103K, committed 70720K, reserved 1114112K
  class space    used 9611K, committed 9920K, reserved 1048576K
}
Event: 50.341 GC heap after
{Heap after GC invocations=26 (full 0):
 garbage-first heap   total 53248K, used 28683K [0x00000000c1400000, 0x0000000100000000)
  region size 1024K, 2 young (2048K), 2 survivors (2048K)
 Metaspace       used 70103K, committed 70720K, reserved 1114112K
  class space    used 9611K, committed 9920K, reserved 1048576K
}
Event: 50.875 GC heap before
{Heap before GC invocations=27 (full 0):
 garbage-first heap   total 53248K, used 41995K [0x00000000c1400000, 0x0000000100000000)
  region size 1024K, 15 young (15360K), 2 survivors (2048K)
 Metaspace       used 71831K, committed 72384K, reserved 1114112K
  class space    used 9881K, committed 10112K, reserved 1048576K
}
Event: 50.882 GC heap after
{Heap after GC invocations=28 (full 0):
 garbage-first heap   total 53248K, used 29892K [0x00000000c1400000, 0x0000000100000000)
  region size 1024K, 2 young (2048K), 2 survivors (2048K)
 Metaspace       used 71831K, committed 72384K, reserved 1114112K
  class space    used 9881K, committed 10112K, reserved 1048576K
}

