# JRE version: OpenJDK Runtime Environment Temurin-17.0.6+10 (17.0.6+10) (build 17.0.6+10)
# Java VM: OpenJDK 64-Bit Server VM Temurin-17.0.6+10 (17.0.6+10, mixed mode, emulated-client, tiered, compressed oops, compressed class ptrs, g1 gc, windows-amd64)
GC Precious Log:
 CPUs: 4 total, 4 available
 Memory: 4012M
 Large Page Support: Disabled
 NUMA Support: Disabled
 Compressed Oops: Enabled (32-bit)
 Heap Region Size: 1M
 Heap Min Capacity: 8M
 Heap Initial Capacity: 64M
 Heap Max Capacity: 1004M
 Pre-touch: Disabled
 Parallel Workers: 4
 Concurrent Workers: 1
 Concurrent Refinement Workers: 4
 Periodic GC: Disabled
Heap:
 garbage-first heap   total 61440K, used 30735K [0x00000000c1400000, 0x0000000100000000)
  region size 1024K, 3 young (3072K), 3 survivors (3072K)
 Metaspace       used 75229K, committed 75776K, reserved 1122304K
  class space    used 10341K, committed 10624K, reserved 1048576K
GC Heap History (20 events):
Event: 7.369 GC heap after
{Heap after GC invocations=11 (full 0):
 garbage-first heap   total 75776K, used 16561K [0x00000000c1400000, 0x0000000100000000)
  region size 1024K, 5 young (5120K), 5 survivors (5120K)
 Metaspace       used 35813K, committed 36160K, reserved 1081344K
  class space    used 4644K, committed 4800K, reserved 1048576K
}
Event: 8.555 GC heap before
{Heap before GC invocations=12 (full 0):
 garbage-first heap   total 61440K, used 48305K [0x00000000c1400000, 0x0000000100000000)
  region size 1024K, 36 young (36864K), 5 survivors (5120K)
 Metaspace       used 42089K, committed 42560K, reserved 1089536K
  class space    used 5375K, committed 5632K, reserved 1048576K
}
Event: 8.567 GC heap after
{Heap after GC invocations=13 (full 0):
 garbage-first heap   total 61440K, used 19557K [0x00000000c1400000, 0x0000000100000000)
  region size 1024K, 4 young (4096K), 4 survivors (4096K)
 Metaspace       used 42089K, committed 42560K, reserved 1089536K
  class space    used 5375K, committed 5632K, reserved 1048576K
}
Event: 8.595 GC heap before
{Heap before GC invocations=13 (full 0):
 garbage-first heap   total 61440K, used 19557K [0x00000000c1400000, 0x0000000100000000)
  region size 1024K, 5 young (5120K), 4 survivors (4096K)
 Metaspace       used 42344K, committed 42752K, reserved 1089536K
  class space    used 5412K, committed 5632K, reserved 1048576K
}
Event: 8.600 GC heap after
{Heap after GC invocations=14 (full 0):
 garbage-first heap   total 61440K, used 19478K [0x00000000c1400000, 0x0000000100000000)
  region size 1024K, 1 young (1024K), 1 survivors (1024K)
 Metaspace       used 42344K, committed 42752K, reserved 1089536K
  class space    used 5412K, committed 5632K, reserved 1048576K
}
Event: 9.698 GC heap before
{Heap before GC invocations=14 (full 0):
 garbage-first heap   total 61440K, used 45078K [0x00000000c1400000, 0x0000000100000000)
  region size 1024K, 27 young (27648K), 1 survivors (1024K)
 Metaspace       used 48979K, committed 49408K, reserved 1097728K
  class space    used 6390K, committed 6592K, reserved 1048576K
}
Event: 9.704 GC heap after
{Heap after GC invocations=15 (full 0):
 garbage-first heap   total 61440K, used 20273K [0x00000000c1400000, 0x0000000100000000)
  region size 1024K, 2 young (2048K), 2 survivors (2048K)
 Metaspace       used 48979K, committed 49408K, reserved 1097728K
  class space    used 6390K, committed 6592K, reserved 1048576K
}
Event: 10.635 GC heap before
{Heap before GC invocations=15 (full 0):
 garbage-first heap   total 61440K, used 45873K [0x00000000c1400000, 0x0000000100000000)
  region size 1024K, 28 young (28672K), 2 survivors (2048K)
 Metaspace       used 55291K, committed 55808K, reserved 1097728K
  class space    used 7235K, committed 7488K, reserved 1048576K
}
Event: 10.641 GC heap after
{Heap after GC invocations=16 (full 0):
 garbage-first heap   total 61440K, used 21690K [0x00000000c1400000, 0x0000000100000000)
  region size 1024K, 3 young (3072K), 3 survivors (3072K)
 Metaspace       used 55291K, committed 55808K, reserved 1097728K
  class space    used 7235K, committed 7488K, reserved 1048576K
}
Event: 11.391 GC heap before
{Heap before GC invocations=16 (full 0):
 garbage-first heap   total 61440K, used 36026K [0x00000000c1400000, 0x0000000100000000)
  region size 1024K, 19 young (19456K), 3 survivors (3072K)
 Metaspace       used 60080K, committed 60480K, reserved 1105920K
  class space    used 8061K, committed 8256K, reserved 1048576K
}
Event: 11.399 GC heap after
{Heap after GC invocations=17 (full 0):
 garbage-first heap   total 61440K, used 22419K [0x00000000c1400000, 0x0000000100000000)
  region size 1024K, 3 young (3072K), 3 survivors (3072K)
 Metaspace       used 60080K, committed 60480K, reserved 1105920K
  class space    used 8061K, committed 8256K, reserved 1048576K
}
Event: 12.400 GC heap before
{Heap before GC invocations=18 (full 0):
 garbage-first heap   total 61440K, used 46995K [0x00000000c1400000, 0x0000000100000000)
  region size 1024K, 28 young (28672K), 3 survivors (3072K)
 Metaspace       used 64565K, committed 65088K, reserved 1105920K
  class space    used 8838K, committed 9088K, reserved 1048576K
}
Event: 12.407 GC heap after
{Heap after GC invocations=19 (full 0):
 garbage-first heap   total 61440K, used 23742K [0x00000000c1400000, 0x0000000100000000)
  region size 1024K, 3 young (3072K), 3 survivors (3072K)
 Metaspace       used 64565K, committed 65088K, reserved 1105920K
  class space    used 8838K, committed 9088K, reserved 1048576K
}
Event: 12.445 GC heap before
{Heap before GC invocations=19 (full 0):
 garbage-first heap   total 61440K, used 24766K [0x00000000c1400000, 0x0000000100000000)
  region size 1024K, 4 young (4096K), 3 survivors (3072K)
 Metaspace       used 64743K, committed 65216K, reserved 1105920K
  class space    used 8852K, committed 9088K, reserved 1048576K
}
Event: 12.453 GC heap after
{Heap after GC invocations=20 (full 0):
 garbage-first heap   total 61440K, used 23675K [0x00000000c1400000, 0x0000000100000000)
  region size 1024K, 1 young (1024K), 1 survivors (1024K)
 Metaspace       used 64743K, committed 65216K, reserved 1105920K
  class space    used 8852K, committed 9088K, reserved 1048576K
}
Event: 13.190 GC heap before
{Heap before GC invocations=20 (full 0):
 garbage-first heap   total 61440K, used 48251K [0x00000000c1400000, 0x0000000100000000)
  region size 1024K, 26 young (26624K), 1 survivors (1024K)
 Metaspace       used 68468K, committed 68992K, reserved 1114112K
  class space    used 9368K, committed 9600K, reserved 1048576K
}
Event: 13.198 GC heap after
{Heap after GC invocations=21 (full 0):
 garbage-first heap   total 61440K, used 25819K [0x00000000c1400000, 0x0000000100000000)
  region size 1024K, 3 young (3072K), 3 survivors (3072K)
 Metaspace       used 68468K, committed 68992K, reserved 1114112K
  class space    used 9368K, committed 9600K, reserved 1048576K
}
Event: 13.893 GC heap before
{Heap before GC invocations=22 (full 0):
 garbage-first heap   total 61440K, used 49371K [0x00000000c1400000, 0x0000000100000000)
  region size 1024K, 26 young (26624K), 3 survivors (3072K)
 Metaspace       used 70769K, committed 71424K, reserved 1114112K
  class space    used 9730K, committed 10048K, reserved 1048576K
}
Event: 13.905 GC heap after
{Heap after GC invocations=23 (full 0):
 garbage-first heap   total 61440K, used 28234K [0x00000000c1400000, 0x0000000100000000)
  region size 1024K, 3 young (3072K), 3 survivors (3072K)
 Metaspace       used 70769K, committed 71424K, reserved 1114112K
  class space    used 9730K, committed 10048K, reserved 1048576K
}
Event: 32.598 GC heap before
{Heap before GC invocations=23 (full 0):
 garbage-first heap   total 61440K, used 47690K [0x00000000c1400000, 0x0000000100000000)
  region size 1024K, 23 young (23552K), 3 survivors (3072K)
 Metaspace       used 75229K, committed 75776K, reserved 1122304K
  class space    used 10341K, committed 10624K, reserved 1048576K
}

