# JRE version: OpenJDK Runtime Environment Temurin-17.0.6+10 (17.0.6+10) (build 17.0.6+10)
# Java VM: OpenJDK 64-Bit Server VM Temurin-17.0.6+10 (17.0.6+10, mixed mode, emulated-client, tiered, compressed oops, compressed class ptrs, g1 gc, windows-amd64)
GC Precious Log:
 CPUs: 4 total, 4 available
 Memory: 4012M
 Large Page Support: Disabled
 NUMA Support: Disabled
 Compressed Oops: Enabled (32-bit)
 Heap Region Size: 1M
 Heap Min Capacity: 8M
 Heap Initial Capacity: 64M
 Heap Max Capacity: 1004M
 Pre-touch: Disabled
 Parallel Workers: 4
 Concurrent Workers: 1
 Concurrent Refinement Workers: 4
 Periodic GC: Disabled
Heap:
 garbage-first heap   total 63488K, used 31653K [0x00000000c1400000, 0x0000000100000000)
  region size 1024K, 3 young (3072K), 3 survivors (3072K)
 Metaspace       used 75328K, committed 75968K, reserved 1122304K
  class space    used 10327K, committed 10624K, reserved 1048576K
GC Heap History (20 events):
Event: 7.433 GC heap after
{Heap after GC invocations=9 (full 0):
 garbage-first heap   total 75776K, used 15013K [0x00000000c1400000, 0x0000000100000000)
  region size 1024K, 5 young (5120K), 5 survivors (5120K)
 Metaspace       used 33639K, committed 34048K, reserved 1081344K
  class space    used 4263K, committed 4416K, reserved 1048576K
}
Event: 8.084 GC heap before
{Heap before GC invocations=9 (full 0):
 garbage-first heap   total 75776K, used 27301K [0x00000000c1400000, 0x0000000100000000)
  region size 1024K, 18 young (18432K), 5 survivors (5120K)
 Metaspace       used 35674K, committed 36096K, reserved 1081344K
  class space    used 4617K, committed 4864K, reserved 1048576K
}
Event: 8.103 GC heap after
{Heap after GC invocations=10 (full 0):
 garbage-first heap   total 75776K, used 16749K [0x00000000c1400000, 0x0000000100000000)
  region size 1024K, 5 young (5120K), 5 survivors (5120K)
 Metaspace       used 35674K, committed 36096K, reserved 1081344K
  class space    used 4617K, committed 4864K, reserved 1048576K
}
Event: 9.682 GC heap before
{Heap before GC invocations=11 (full 0):
 garbage-first heap   total 61440K, used 47469K [0x00000000c1400000, 0x0000000100000000)
  region size 1024K, 36 young (36864K), 5 survivors (5120K)
 Metaspace       used 41641K, committed 42112K, reserved 1089536K
  class space    used 5334K, committed 5568K, reserved 1048576K
}
Event: 9.694 GC heap after
{Heap after GC invocations=12 (full 0):
 garbage-first heap   total 61440K, used 19804K [0x00000000c1400000, 0x0000000100000000)
  region size 1024K, 5 young (5120K), 5 survivors (5120K)
 Metaspace       used 41641K, committed 42112K, reserved 1089536K
  class space    used 5334K, committed 5568K, reserved 1048576K
}
Event: 9.733 GC heap before
{Heap before GC invocations=12 (full 0):
 garbage-first heap   total 61440K, used 20828K [0x00000000c1400000, 0x0000000100000000)
  region size 1024K, 6 young (6144K), 5 survivors (5120K)
 Metaspace       used 42045K, committed 42496K, reserved 1089536K
  class space    used 5362K, committed 5568K, reserved 1048576K
}
Event: 9.740 GC heap after
{Heap after GC invocations=13 (full 0):
 garbage-first heap   total 61440K, used 20189K [0x00000000c1400000, 0x0000000100000000)
  region size 1024K, 1 young (1024K), 1 survivors (1024K)
 Metaspace       used 42045K, committed 42496K, reserved 1089536K
  class space    used 5362K, committed 5568K, reserved 1048576K
}
Event: 11.092 GC heap before
{Heap before GC invocations=13 (full 0):
 garbage-first heap   total 61440K, used 45789K [0x00000000c1400000, 0x0000000100000000)
  region size 1024K, 26 young (26624K), 1 survivors (1024K)
 Metaspace       used 48632K, committed 49152K, reserved 1097728K
  class space    used 6341K, committed 6592K, reserved 1048576K
}
Event: 11.099 GC heap after
{Heap after GC invocations=14 (full 0):
 garbage-first heap   total 61440K, used 20727K [0x00000000c1400000, 0x0000000100000000)
  region size 1024K, 2 young (2048K), 2 survivors (2048K)
 Metaspace       used 48632K, committed 49152K, reserved 1097728K
  class space    used 6341K, committed 6592K, reserved 1048576K
}
Event: 12.062 GC heap before
{Heap before GC invocations=14 (full 0):
 garbage-first heap   total 61440K, used 45303K [0x00000000c1400000, 0x0000000100000000)
  region size 1024K, 27 young (27648K), 2 survivors (2048K)
 Metaspace       used 55056K, committed 55488K, reserved 1097728K
  class space    used 7196K, committed 7424K, reserved 1048576K
}
Event: 12.070 GC heap after
{Heap after GC invocations=15 (full 0):
 garbage-first heap   total 61440K, used 22008K [0x00000000c1400000, 0x0000000100000000)
  region size 1024K, 3 young (3072K), 3 survivors (3072K)
 Metaspace       used 55056K, committed 55488K, reserved 1097728K
  class space    used 7196K, committed 7424K, reserved 1048576K
}
Event: 12.873 GC heap before
{Heap before GC invocations=15 (full 0):
 garbage-first heap   total 61440K, used 39416K [0x00000000c1400000, 0x0000000100000000)
  region size 1024K, 21 young (21504K), 3 survivors (3072K)
 Metaspace       used 59925K, committed 60416K, reserved 1105920K
  class space    used 8026K, committed 8256K, reserved 1048576K
}
Event: 12.880 GC heap after
{Heap after GC invocations=16 (full 0):
 garbage-first heap   total 61440K, used 22875K [0x00000000c1400000, 0x0000000100000000)
  region size 1024K, 3 young (3072K), 3 survivors (3072K)
 Metaspace       used 59925K, committed 60416K, reserved 1105920K
  class space    used 8026K, committed 8256K, reserved 1048576K
}
Event: 14.033 GC heap before
{Heap before GC invocations=17 (full 0):
 garbage-first heap   total 61440K, used 46427K [0x00000000c1400000, 0x0000000100000000)
  region size 1024K, 27 young (27648K), 3 survivors (3072K)
 Metaspace       used 64632K, committed 65152K, reserved 1105920K
  class space    used 8859K, committed 9088K, reserved 1048576K
}
Event: 14.040 GC heap after
{Heap after GC invocations=18 (full 0):
 garbage-first heap   total 61440K, used 23977K [0x00000000c1400000, 0x0000000100000000)
  region size 1024K, 2 young (2048K), 2 survivors (2048K)
 Metaspace       used 64632K, committed 65152K, reserved 1105920K
  class space    used 8859K, committed 9088K, reserved 1048576K
}
Event: 14.776 GC heap before
{Heap before GC invocations=18 (full 0):
 garbage-first heap   total 61440K, used 48553K [0x00000000c1400000, 0x0000000100000000)
  region size 1024K, 27 young (27648K), 2 survivors (2048K)
 Metaspace       used 68512K, committed 69120K, reserved 1114112K
  class space    used 9383K, committed 9664K, reserved 1048576K
}
Event: 14.785 GC heap after
{Heap after GC invocations=19 (full 0):
 garbage-first heap   total 61440K, used 26288K [0x00000000c1400000, 0x0000000100000000)
  region size 1024K, 4 young (4096K), 4 survivors (4096K)
 Metaspace       used 68512K, committed 69120K, reserved 1114112K
  class space    used 9383K, committed 9664K, reserved 1048576K
}
Event: 15.517 GC heap before
{Heap before GC invocations=19 (full 0):
 garbage-first heap   total 61440K, used 49840K [0x00000000c1400000, 0x0000000100000000)
  region size 1024K, 27 young (27648K), 4 survivors (4096K)
 Metaspace       used 71002K, committed 71616K, reserved 1114112K
  class space    used 9741K, committed 10048K, reserved 1048576K
}
Event: 15.529 GC heap after
{Heap after GC invocations=20 (full 0):
 garbage-first heap   total 61440K, used 29134K [0x00000000c1400000, 0x0000000100000000)
  region size 1024K, 3 young (3072K), 3 survivors (3072K)
 Metaspace       used 71002K, committed 71616K, reserved 1114112K
  class space    used 9741K, committed 10048K, reserved 1048576K
}
Event: 55.632 GC heap before
{Heap before GC invocations=20 (full 0):
 garbage-first heap   total 61440K, used 49614K [0x00000000c1400000, 0x0000000100000000)
  region size 1024K, 23 young (23552K), 3 survivors (3072K)
 Metaspace       used 75328K, committed 75968K, reserved 1122304K
  class space    used 10327K, committed 10624K, reserved 1048576K
}

